<testsuites id="" name="" tests="15" failures="5" skipped="0" errors="0" time="959.2518170000001">
<testsuite name="build.spec.ts" timestamp="2025-10-29T20:42:12.529Z" hostname="chromium" tests="5" failures="1" skipped="0" time="6.92" errors="0">
<testcase name="Build - Module Creation (FSD §1) › B01: Create module from prompt with Internal provenance" classname="build.spec.ts" time="0.683">
</testcase>
<testcase name="Build - Module Creation (FSD §1) › B02: Merge prompt + upload (placeholder)" classname="build.spec.ts" time="1.78">
</testcase>
<testcase name="Build - Module Creation (FSD §1) › B03: Provenance badges visible to manager in Content pane" classname="build.spec.ts" time="3.537">
</testcase>
<testcase name="Build - Module Creation (FSD §1) › B04: Lock button visible and functional" classname="build.spec.ts" time="0.322">
</testcase>
<testcase name="Build - Module Creation (FSD §1) › A11y: Build page has no critical violations" classname="build.spec.ts" time="0.598">
<failure message="build.spec.ts:91:7 A11y: Build page has no critical violations" type="FAILURE">
<![CDATA[  [chromium] › build.spec.ts:91:7 › Build - Module Creation (FSD §1) › A11y: Build page has no critical violations 

    Error: expect(received).toEqual(expected) // deep equality

    - Expected  -   1
    + Received  + 457

    - Array []
    + Array [
    +   Object {
    +     "description": "Ensure the contrast between foreground and background colors meets WCAG 2 AA minimum contrast ratio thresholds",
    +     "help": "Elements must meet minimum color contrast ratio thresholds",
    +     "helpUrl": "https://dequeuniversity.com/rules/axe/4.11/color-contrast?application=playwright",
    +     "id": "color-contrast",
    +     "impact": "serious",
    +     "nodes": Array [
    +       Object {
    +         "all": Array [],
    +         "any": Array [
    +           Object {
    +             "data": Object {
    +               "bgColor": "#1e1e1e",
    +               "contrastRatio": 3.44,
    +               "expectedContrastRatio": "4.5:1",
    +               "fgColor": "#6b7280",
    +               "fontSize": "9.0pt (12px)",
    +               "fontWeight": "normal",
    +               "messageKey": null,
    +             },
    +             "id": "color-contrast",
    +             "impact": "serious",
    +             "message": "Element has insufficient color contrast of 3.44 (foreground color: #6b7280, background color: #1e1e1e, font size: 9.0pt (12px), font weight: normal). Expected contrast ratio of 4.5:1",
    +             "relatedNodes": Array [
    +               Object {
    +                 "html": "<div class=\"w-80 border-r border-[#2d2d2d] flex flex-col bg-[#1e1e1e]\">",
    +                 "target": Array [
    +                   ".border-r",
    +                 ],
    +               },
    +             ],
    +           },
    +         ],
    +         "failureSummary": "Fix any of the following:
    +   Element has insufficient color contrast of 3.44 (foreground color: #6b7280, background color: #1e1e1e, font size: 9.0pt (12px), font weight: normal). Expected contrast ratio of 4.5:1",
    +         "html": "<p class=\"text-xs text-gray-500 mt-0.5\">Describe your module to get started</p>",
    +         "impact": "serious",
    +         "none": Array [],
    +         "target": Array [
    +           ".border-r > .h-full.flex-col.flex > .py-3.border-b.flex-shrink-0 > .mt-0\\.5.text-gray-500",
    +         ],
    +       },
    +       Object {
    +         "all": Array [],
    +         "any": Array [
    +           Object {
    +             "data": Object {
    +               "bgColor": "#1e1e1e",
    +               "contrastRatio": 3.44,
    +               "expectedContrastRatio": "4.5:1",
    +               "fgColor": "#6b7280",
    +               "fontSize": "10.5pt (14px)",
    +               "fontWeight": "normal",
    +               "messageKey": null,
    +             },
    +             "id": "color-contrast",
    +             "impact": "serious",
    +             "message": "Element has insufficient color contrast of 3.44 (foreground color: #6b7280, background color: #1e1e1e, font size: 10.5pt (14px), font weight: normal). Expected contrast ratio of 4.5:1",
    +             "relatedNodes": Array [
    +               Object {
    +                 "html": "<div class=\"w-80 border-r border-[#2d2d2d] flex flex-col bg-[#1e1e1e]\">",
    +                 "target": Array [
    +                   ".border-r",
    +                 ],
    +               },
    +             ],
    +           },
    +         ],
    +         "failureSummary": "Fix any of the following:
    +   Element has insufficient color contrast of 3.44 (foreground color: #6b7280, background color: #1e1e1e, font size: 10.5pt (14px), font weight: normal). Expected contrast ratio of 4.5:1",
    +         "html": "<p class=\"text-sm text-gray-500\">Start a conversation to build your module</p>",
    +         "impact": "serious",
    +         "none": Array [],
    +         "target": Array [
    +           ".py-8 > .text-gray-500",
    +         ],
    +       },
    +       Object {
    +         "all": Array [],
    +         "any": Array [
    +           Object {
    +             "data": Object {
    +               "bgColor": "#1e1e1e",
    +               "contrastRatio": 3.44,
    +               "expectedContrastRatio": "4.5:1",
    +               "fgColor": "#6b7280",
    +               "fontSize": "9.0pt (12px)",
    +               "fontWeight": "normal",
    +               "messageKey": null,
    +             },
    +             "id": "color-contrast",
    +             "impact": "serious",
    +             "message": "Element has insufficient color contrast of 3.44 (foreground color: #6b7280, background color: #1e1e1e, font size: 9.0pt (12px), font weight: normal). Expected contrast ratio of 4.5:1",
    +             "relatedNodes": Array [
    +               Object {
    +                 "html": "<div class=\"flex-1 flex flex-col bg-[#1e1e1e]\">",
    +                 "target": Array [
    +                   ".bg-\\[\\#1e1e1e\\].flex-1.flex-col",
    +                 ],
    +               },
    +             ],
    +           },
    +         ],
    +         "failureSummary": "Fix any of the following:
    +   Element has insufficient color contrast of 3.44 (foreground color: #6b7280, background color: #1e1e1e, font size: 9.0pt (12px), font weight: normal). Expected contrast ratio of 4.5:1",
    +         "html": "<p class=\"text-xs text-gray-500 mt-0.5\">Live preview as you build</p>",
    +         "impact": "serious",
    +         "none": Array [],
    +         "target": Array [
    +           ".justify-between.py-3.border-b > div > .mt-0\\.5.text-gray-500",
    +         ],
    +       },
    +       Object {
    +         "all": Array [],
    +         "any": Array [
    +           Object {
    +             "data": Object {
    +               "bgColor": "#1e1e1e",
    +               "contrastRatio": 2.2,
    +               "expectedContrastRatio": "4.5:1",
    +               "fgColor": "#4b5563",
    +               "fontSize": "9.0pt (12px)",
    +               "fontWeight": "normal",
    +               "messageKey": null,
    +             },
    +             "id": "color-contrast",
    +             "impact": "serious",
    +             "message": "Element has insufficient color contrast of 2.2 (foreground color: #4b5563, background color: #1e1e1e, font size: 9.0pt (12px), font weight: normal). Expected contrast ratio of 4.5:1",
    +             "relatedNodes": Array [
    +               Object {
    +                 "html": "<div class=\"flex-1 flex flex-col bg-[#1e1e1e]\">",
    +                 "target": Array [
    +                   ".bg-\\[\\#1e1e1e\\].flex-1.flex-col",
    +                 ],
    +               },
    +             ],
    +           },
    +         ],
    +         "failureSummary": "Fix any of the following:
    +   Element has insufficient color contrast of 2.2 (foreground color: #4b5563, background color: #1e1e1e, font size: 9.0pt (12px), font weight: normal). Expected contrast ratio of 4.5:1",
    +         "html": "<p class=\"text-xs text-gray-600\">Start a conversation in the chat to create a new module</p>",
    +         "impact": "serious",
    +         "none": Array [],
    +         "target": Array [
    +           ".text-gray-600",
    +         ],
    +       },
    +       Object {
    +         "all": Array [],
    +         "any": Array [
    +           Object {
    +             "data": Object {
    +               "bgColor": "#1e1e1e",
    +               "contrastRatio": 3.44,
    +               "expectedContrastRatio": "4.5:1",
    +               "fgColor": "#6b7280",
    +               "fontSize": "9.0pt (12px)",
    +               "fontWeight": "normal",
    +               "messageKey": null,
    +             },
    +             "id": "color-contrast",
    +             "impact": "serious",
    +             "message": "Element has insufficient color contrast of 3.44 (foreground color: #6b7280, background color: #1e1e1e, font size: 9.0pt (12px), font weight: normal). Expected contrast ratio of 4.5:1",
    +             "relatedNodes": Array [
    +               Object {
    +                 "html": "<div class=\"w-80 border-l border-[#2d2d2d] flex flex-col bg-[#1e1e1e]\">",
    +                 "target": Array [
    +                   ".border-l",
    +                 ],
    +               },
    +             ],
    +           },
    +         ],
    +         "failureSummary": "Fix any of the following:
    +   Element has insufficient color contrast of 3.44 (foreground color: #6b7280, background color: #1e1e1e, font size: 9.0pt (12px), font weight: normal). Expected contrast ratio of 4.5:1",
    +         "html": "<p class=\"text-xs text-gray-500 mt-0.5\">Adjust difficulty &amp; preview items</p>",
    +         "impact": "serious",
    +         "none": Array [],
    +         "target": Array [
    +           ".border-l > .h-full.flex-col.flex > .py-3.border-b.flex-shrink-0 > .mt-0\\.5.text-gray-500",
    +         ],
    +       },
    +       Object {
    +         "all": Array [],
    +         "any": Array [
    +           Object {
    +             "data": Object {
    +               "bgColor": "#1e1e1e",
    +               "contrastRatio": 3.44,
    +               "expectedContrastRatio": "4.5:1",
    +               "fgColor": "#6b7280",
    +               "fontSize": "9.0pt (12px)",
    +               "fontWeight": "normal",
    +               "messageKey": null,
    +             },
    +             "id": "color-contrast",
    +             "impact": "serious",
    +             "message": "Element has insufficient color contrast of 3.44 (foreground color: #6b7280, background color: #1e1e1e, font size: 9.0pt (12px), font weight: normal). Expected contrast ratio of 4.5:1",
    +             "relatedNodes": Array [
    +               Object {
    +                 "html": "<div class=\"w-80 border-l border-[#2d2d2d] flex flex-col bg-[#1e1e1e]\">",
    +                 "target": Array [
    +                   ".border-l",
    +                 ],
    +               },
    +             ],
    +           },
    +         ],
    +         "failureSummary": "Fix any of the following:
    +   Element has insufficient color contrast of 3.44 (foreground color: #6b7280, background color: #1e1e1e, font size: 9.0pt (12px), font weight: normal). Expected contrast ratio of 4.5:1",
    +         "html": "<p class=\"text-xs text-gray-500\">Calibration tools will appear when you create a module</p>",
    +         "impact": "serious",
    +         "none": Array [],
    +         "target": Array [
    +           ".max-w-xs > .text-gray-500",
    +         ],
    +       },
    +     ],
    +     "tags": Array [
    +       "cat.color",
    +       "wcag2aa",
    +       "wcag143",
    +       "TTv5",
    +       "TT13.c",
    +       "EN-301-549",
    +       "EN-9.1.4.3",
    +       "ACT",
    +       "RGAAv4",
    +       "RGAA-3.2.1",
    +     ],
    +   },
    +   Object {
    +     "description": "Ensure the document has a main landmark",
    +     "help": "Document should have one main landmark",
    +     "helpUrl": "https://dequeuniversity.com/rules/axe/4.11/landmark-one-main?application=playwright",
    +     "id": "landmark-one-main",
    +     "impact": "moderate",
    +     "nodes": Array [
    +       Object {
    +         "all": Array [
    +           Object {
    +             "data": null,
    +             "id": "page-has-main",
    +             "impact": "moderate",
    +             "message": "Document does not have a main landmark",
    +             "relatedNodes": Array [],
    +           },
    +         ],
    +         "any": Array [],
    +         "failureSummary": "Fix all of the following:
    +   Document does not have a main landmark",
    +         "html": "<html lang=\"en\">",
    +         "impact": "moderate",
    +         "none": Array [],
    +         "target": Array [
    +           "html",
    +         ],
    +       },
    +     ],
    +     "tags": Array [
    +       "cat.semantics",
    +       "best-practice",
    +     ],
    +   },
    +   Object {
    +     "description": "Ensure all page content is contained by landmarks",
    +     "help": "All page content should be contained by landmarks",
    +     "helpUrl": "https://dequeuniversity.com/rules/axe/4.11/region?application=playwright",
    +     "id": "region",
    +     "impact": "moderate",
    +     "nodes": Array [
    +       Object {
    +         "all": Array [],
    +         "any": Array [
    +           Object {
    +             "data": Object {
    +               "isIframe": false,
    +             },
    +             "id": "region",
    +             "impact": "moderate",
    +             "message": "Some page content is not contained by landmarks",
    +             "relatedNodes": Array [],
    +           },
    +         ],
    +         "failureSummary": "Fix any of the following:
    +   Some page content is not contained by landmarks",
    +         "html": "<div class=\"flex-shrink-0 px-4 py-3 border-b border-[#2d2d2d]\"><h2 class=\"text-sm font-medium text-gray-300\">Chat</h2><p class=\"text-xs text-gray-500 mt-0.5\">Describe your module to get started</p></div>",
    +         "impact": "moderate",
    +         "none": Array [],
    +         "target": Array [
    +           ".border-r > .h-full.flex-col.flex > .py-3.border-b.flex-shrink-0",
    +         ],
    +       },
    +       Object {
    +         "all": Array [],
    +         "any": Array [
    +           Object {
    +             "data": Object {
    +               "isIframe": false,
    +             },
    +             "id": "region",
    +             "impact": "moderate",
    +             "message": "Some page content is not contained by landmarks",
    +             "relatedNodes": Array [],
    +           },
    +         ],
    +         "failureSummary": "Fix any of the following:
    +   Some page content is not contained by landmarks",
    +         "html": "<p class=\"text-sm text-gray-500\">Start a conversation to build your module</p>",
    +         "impact": "moderate",
    +         "none": Array [],
    +         "target": Array [
    +           ".py-8 > .text-gray-500",
    +         ],
    +       },
    +       Object {
    +         "all": Array [],
    +         "any": Array [
    +           Object {
    +             "data": Object {
    +               "isIframe": false,
    +             },
    +             "id": "region",
    +             "impact": "moderate",
    +             "message": "Some page content is not contained by landmarks",
    +             "relatedNodes": Array [],
    +           },
    +         ],
    +         "failureSummary": "Fix any of the following:
    +   Some page content is not contained by landmarks",
    +         "html": "<input type=\"text\" placeholder=\"Type your message...\" class=\"flex-1 bg-[#2d2d2d] border border-[#3d3d3d] rounded px-3 py-2 text-sm text-gray-200 placeholder-gray-500 focus:outline-none focus:ring-1 focus:ring-blue-500 focus:border-blue-500 disabled:opacity-50 disabled:cursor-not-allowed\" value=\"\">",
    +         "impact": "moderate",
    +         "none": Array [],
    +         "target": Array [
    +           "input",
    +         ],
    +       },
    +       Object {
    +         "all": Array [],
    +         "any": Array [
    +           Object {
    +             "data": Object {
    +               "isIframe": false,
    +             },
    +             "id": "region",
    +             "impact": "moderate",
    +             "message": "Some page content is not contained by landmarks",
    +             "relatedNodes": Array [],
    +           },
    +         ],
    +         "failureSummary": "Fix any of the following:
    +   Some page content is not contained by landmarks",
    +         "html": "<div class=\"flex-shrink-0 px-4 py-3 border-b border-[#2d2d2d] flex items-center justify-between\"><div><h2 class=\"text-sm font-medium text-gray-300\">Module Content</h2><p class=\"text-xs text-gray-500 mt-0.5\">Live preview as you build</p></div></div>",
    +         "impact": "moderate",
    +         "none": Array [],
    +         "target": Array [
    +           ".justify-between.py-3.border-b",
    +         ],
    +       },
    +       Object {
    +         "all": Array [],
    +         "any": Array [
    +           Object {
    +             "data": Object {
    +               "isIframe": false,
    +             },
    +             "id": "region",
    +             "impact": "moderate",
    +             "message": "Some page content is not contained by landmarks",
    +             "relatedNodes": Array [],
    +           },
    +         ],
    +         "failureSummary": "Fix any of the following:
    +   Some page content is not contained by landmarks",
    +         "html": "<p class=\"text-sm text-gray-400 mb-2\">No module loaded</p>",
    +         "impact": "moderate",
    +         "none": Array [],
    +         "target": Array [
    +           ".mb-2",
    +         ],
    +       },
    +       Object {
    +         "all": Array [],
    +         "any": Array [
    +           Object {
    +             "data": Object {
    +               "isIframe": false,
    +             },
    +             "id": "region",
    +             "impact": "moderate",
    +             "message": "Some page content is not contained by landmarks",
    +             "relatedNodes": Array [],
    +           },
    +         ],
    +         "failureSummary": "Fix any of the following:
    +   Some page content is not contained by landmarks",
    +         "html": "<p class=\"text-xs text-gray-600\">Start a conversation in the chat to create a new module</p>",
    +         "impact": "moderate",
    +         "none": Array [],
    +         "target": Array [
    +           ".text-gray-600",
    +         ],
    +       },
    +       Object {
    +         "all": Array [],
    +         "any": Array [
    +           Object {
    +             "data": Object {
    +               "isIframe": false,
    +             },
    +             "id": "region",
    +             "impact": "moderate",
    +             "message": "Some page content is not contained by landmarks",
    +             "relatedNodes": Array [],
    +           },
    +         ],
    +         "failureSummary": "Fix any of the following:
    +   Some page content is not contained by landmarks",
    +         "html": "<div class=\"flex-shrink-0 px-4 py-3 border-b border-[#2d2d2d]\"><h2 class=\"text-sm font-medium text-gray-300\">Calibration</h2><p class=\"text-xs text-gray-500 mt-0.5\">Adjust difficulty &amp; preview items</p></div>",
    +         "impact": "moderate",
    +         "none": Array [],
    +         "target": Array [
    +           ".border-l > .h-full.flex-col.flex > .py-3.border-b.flex-shrink-0",
    +         ],
    +       },
    +       Object {
    +         "all": Array [],
    +         "any": Array [
    +           Object {
    +             "data": Object {
    +               "isIframe": false,
    +             },
    +             "id": "region",
    +             "impact": "moderate",
    +             "message": "Some page content is not contained by landmarks",
    +             "relatedNodes": Array [],
    +           },
    +         ],
    +         "failureSummary": "Fix any of the following:
    +   Some page content is not contained by landmarks",
    +         "html": "<p class=\"text-xs text-gray-500\">Calibration tools will appear when you create a module</p>",
    +         "impact": "moderate",
    +         "none": Array [],
    +         "target": Array [
    +           ".max-w-xs > .text-gray-500",
    +         ],
    +       },
    +     ],
    +     "tags": Array [
    +       "cat.keyboard",
    +       "best-practice",
    +       "RGAAv4",
    +       "RGAA-9.2.1",
    +     ],
    +   },
    + ]

      94 |     
      95 |     // Expect no violations
    > 96 |     expect(accessibilityScanResults.violations).toEqual([]);
         |                                                 ^
      97 |   });
      98 | });
      99 |
        at /Users/robertford/Desktop/cerply-cursor-starter-v2-refresh/tests/uat/specs/build.spec.ts:96:49

    attachment #1: screenshot (image/png) ──────────────────────────────────────────────────────────
    ../../../test-results/build-Build---Module-Creat-2a0c0--has-no-critical-violations-chromium/test-failed-1.png
    ────────────────────────────────────────────────────────────────────────────────────────────────

    attachment #2: video (video/webm) ──────────────────────────────────────────────────────────────
    ../../../test-results/build-Build---Module-Creat-2a0c0--has-no-critical-violations-chromium/video-1.webm
    ────────────────────────────────────────────────────────────────────────────────────────────────

    attachment #3: video (video/webm) ──────────────────────────────────────────────────────────────
    ../../../test-results/build-Build---Module-Creat-2a0c0--has-no-critical-violations-chromium/video.webm
    ────────────────────────────────────────────────────────────────────────────────────────────────

    Error Context: ../../../test-results/build-Build---Module-Creat-2a0c0--has-no-critical-violations-chromium/error-context.md
]]>
</failure>
<system-out>
<![CDATA[
[[ATTACHMENT|../../../test-results/build-Build---Module-Creat-2a0c0--has-no-critical-violations-chromium/test-failed-1.png]]

[[ATTACHMENT|../../../test-results/build-Build---Module-Creat-2a0c0--has-no-critical-violations-chromium/video-1.webm]]

[[ATTACHMENT|../../../test-results/build-Build---Module-Creat-2a0c0--has-no-critical-violations-chromium/video.webm]]

[[ATTACHMENT|../../../test-results/build-Build---Module-Creat-2a0c0--has-no-critical-violations-chromium/error-context.md]]
]]>
</system-out>
</testcase>
</testsuite>
<testsuite name="provenance-visibility.spec.ts" timestamp="2025-10-29T20:42:12.529Z" hostname="chromium" tests="5" failures="1" skipped="0" time="946.246" errors="0">
<testcase name="Provenance Visibility (FSD §7) › L05: Learner NEVER sees provenance badges anywhere" classname="provenance-visibility.spec.ts" time="0.814">
<system-out>
<![CDATA[Checking for "Internal": 0 found
Checking for "Certified Core": 0 found
Checking for "Industry source": 0 found
Checking for "Cerply templates": 0 found
Checking for "provenance:": 0 found
]]>
</system-out>
<system-err>
<![CDATA[(node:38055) Warning: The 'NO_COLOR' env is ignored due to the 'FORCE_COLOR' env being set.
(Use `node --trace-warnings ...` to show where the warning was created)
]]>
</system-err>
</testcase>
<testcase name="Provenance Visibility (FSD §7) › Manager sees provenance badges in Build Content pane" classname="provenance-visibility.spec.ts" time="941.056">
<failure message="provenance-visibility.spec.ts:48:7 Manager sees provenance badges in Build Content pane" type="FAILURE">
<![CDATA[  [chromium] › provenance-visibility.spec.ts:48:7 › Provenance Visibility (FSD §7) › Manager sees provenance badges in Build Content pane 

    Test timeout of 60000ms exceeded.

    Error: page.waitForTimeout: Test timeout of 60000ms exceeded.

      55 |     await page.getByRole('button', { name: 'Send' }).click();
      56 |     
    > 57 |     await page.waitForTimeout(3000);
         |                ^
      58 |     
      59 |     // Then: Content pane shows provenance indicators
      60 |     const contentPane = page.locator('div:has-text("Module Content")').first();
        at /Users/robertford/Desktop/cerply-cursor-starter-v2-refresh/tests/uat/specs/provenance-visibility.spec.ts:57:16

    attachment #1: screenshot (image/png) ──────────────────────────────────────────────────────────
    ../../../test-results/provenance-visibility-Prov-82691-adges-in-Build-Content-pane-chromium/test-failed-1.png
    ────────────────────────────────────────────────────────────────────────────────────────────────

    attachment #2: video (video/webm) ──────────────────────────────────────────────────────────────
    ../../../test-results/provenance-visibility-Prov-82691-adges-in-Build-Content-pane-chromium/video.webm
    ────────────────────────────────────────────────────────────────────────────────────────────────

    Error Context: ../../../test-results/provenance-visibility-Prov-82691-adges-in-Build-Content-pane-chromium/error-context.md
]]>
</failure>
<system-out>
<![CDATA[
[[ATTACHMENT|../../../test-results/provenance-visibility-Prov-82691-adges-in-Build-Content-pane-chromium/test-failed-1.png]]

[[ATTACHMENT|../../../test-results/provenance-visibility-Prov-82691-adges-in-Build-Content-pane-chromium/video.webm]]

[[ATTACHMENT|../../../test-results/provenance-visibility-Prov-82691-adges-in-Build-Content-pane-chromium/error-context.md]]
]]>
</system-out>
</testcase>
<testcase name="Provenance Visibility (FSD §7) › Provenance in Track dashboard (manager)" classname="provenance-visibility.spec.ts" time="0.646">
</testcase>
<testcase name="Provenance Enforcement Rules (FSD §1, §7) › Storage routing: Client content stored in Client Library" classname="provenance-visibility.spec.ts" time="3.427">
</testcase>
<testcase name="Provenance Enforcement Rules (FSD §1, §7) › Industry sources referenced, not stored" classname="provenance-visibility.spec.ts" time="0.303">
</testcase>
</testsuite>
<testsuite name="track-dashboards.spec.ts" timestamp="2025-10-29T20:42:12.529Z" hostname="chromium" tests="5" failures="3" skipped="0" time="3.513" errors="0">
<testcase name="Track - Analytics Dashboards (FSD §4) › T01: Team dashboard loads with metrics" classname="track-dashboards.spec.ts" time="0.554">
<failure message="track-dashboards.spec.ts:23:7 T01: Team dashboard loads with metrics" type="FAILURE">
<![CDATA[  [chromium] › track-dashboards.spec.ts:23:7 › Track - Analytics Dashboards (FSD §4) › T01: Team dashboard loads with metrics 

    Error: expect(received).toBeGreaterThan(expected)

    Expected: > 0
    Received:   0

      50 |     }
      51 |     
    > 52 |     expect(visibleMetrics).toBeGreaterThan(0);
         |                            ^
      53 |   });
      54 |
      55 |   test('T02: Person dashboard shows individual metrics', async ({ page }) => {
        at /Users/robertford/Desktop/cerply-cursor-starter-v2-refresh/tests/uat/specs/track-dashboards.spec.ts:52:28

    attachment #1: screenshot (image/png) ──────────────────────────────────────────────────────────
    ../../../test-results/track-dashboards-Track---A-381b2-ashboard-loads-with-metrics-chromium/test-failed-1.png
    ────────────────────────────────────────────────────────────────────────────────────────────────

    attachment #2: video (video/webm) ──────────────────────────────────────────────────────────────
    ../../../test-results/track-dashboards-Track---A-381b2-ashboard-loads-with-metrics-chromium/video.webm
    ────────────────────────────────────────────────────────────────────────────────────────────────

    Error Context: ../../../test-results/track-dashboards-Track---A-381b2-ashboard-loads-with-metrics-chromium/error-context.md
]]>
</failure>
<system-out>
<![CDATA[
[[ATTACHMENT|../../../test-results/track-dashboards-Track---A-381b2-ashboard-loads-with-metrics-chromium/test-failed-1.png]]

[[ATTACHMENT|../../../test-results/track-dashboards-Track---A-381b2-ashboard-loads-with-metrics-chromium/video.webm]]

[[ATTACHMENT|../../../test-results/track-dashboards-Track---A-381b2-ashboard-loads-with-metrics-chromium/error-context.md]]
]]>
</system-out>
</testcase>
<testcase name="Track - Analytics Dashboards (FSD §4) › T02: Person dashboard shows individual metrics" classname="track-dashboards.spec.ts" time="0.612">
<failure message="track-dashboards.spec.ts:55:7 T02: Person dashboard shows individual metrics" type="FAILURE">
<![CDATA[  [chromium] › track-dashboards.spec.ts:55:7 › Track - Analytics Dashboards (FSD §4) › T02: Person dashboard shows individual metrics 

    Error: expect(received).toBeGreaterThan(expected)

    Expected: > 0
    Received:   0

      82 |     }
      83 |     
    > 84 |     expect(visibleMetrics).toBeGreaterThan(0);
         |                            ^
      85 |   });
      86 |
      87 |   test('T03: Module dashboard shows module-specific metrics', async ({ page }) => {
        at /Users/robertford/Desktop/cerply-cursor-starter-v2-refresh/tests/uat/specs/track-dashboards.spec.ts:84:28

    attachment #1: screenshot (image/png) ──────────────────────────────────────────────────────────
    ../../../test-results/track-dashboards-Track---A-0f04f-rd-shows-individual-metrics-chromium/test-failed-1.png
    ────────────────────────────────────────────────────────────────────────────────────────────────

    attachment #2: video (video/webm) ──────────────────────────────────────────────────────────────
    ../../../test-results/track-dashboards-Track---A-0f04f-rd-shows-individual-metrics-chromium/video.webm
    ────────────────────────────────────────────────────────────────────────────────────────────────

    Error Context: ../../../test-results/track-dashboards-Track---A-0f04f-rd-shows-individual-metrics-chromium/error-context.md
]]>
</failure>
<system-out>
<![CDATA[
[[ATTACHMENT|../../../test-results/track-dashboards-Track---A-0f04f-rd-shows-individual-metrics-chromium/test-failed-1.png]]

[[ATTACHMENT|../../../test-results/track-dashboards-Track---A-0f04f-rd-shows-individual-metrics-chromium/video.webm]]

[[ATTACHMENT|../../../test-results/track-dashboards-Track---A-0f04f-rd-shows-individual-metrics-chromium/error-context.md]]
]]>
</system-out>
</testcase>
<testcase name="Track - Analytics Dashboards (FSD §4) › T03: Module dashboard shows module-specific metrics" classname="track-dashboards.spec.ts" time="0.627">
<failure message="track-dashboards.spec.ts:87:7 T03: Module dashboard shows module-specific metrics" type="FAILURE">
<![CDATA[  [chromium] › track-dashboards.spec.ts:87:7 › Track - Analytics Dashboards (FSD §4) › T03: Module dashboard shows module-specific metrics 

    Error: expect(received).toBeGreaterThan(expected)

    Expected: > 0
    Received:   0

      114 |     }
      115 |     
    > 116 |     expect(visibleMetrics).toBeGreaterThan(0);
          |                            ^
      117 |   });
      118 |
      119 |   test('T04: Export button is visible (PDF export placeholder)', async ({ page }) => {
        at /Users/robertford/Desktop/cerply-cursor-starter-v2-refresh/tests/uat/specs/track-dashboards.spec.ts:116:28

    attachment #1: screenshot (image/png) ──────────────────────────────────────────────────────────
    ../../../test-results/track-dashboards-Track---A-8c590-ows-module-specific-metrics-chromium/test-failed-1.png
    ────────────────────────────────────────────────────────────────────────────────────────────────

    attachment #2: video (video/webm) ──────────────────────────────────────────────────────────────
    ../../../test-results/track-dashboards-Track---A-8c590-ows-module-specific-metrics-chromium/video.webm
    ────────────────────────────────────────────────────────────────────────────────────────────────

    Error Context: ../../../test-results/track-dashboards-Track---A-8c590-ows-module-specific-metrics-chromium/error-context.md
]]>
</failure>
<system-out>
<![CDATA[
[[ATTACHMENT|../../../test-results/track-dashboards-Track---A-8c590-ows-module-specific-metrics-chromium/test-failed-1.png]]

[[ATTACHMENT|../../../test-results/track-dashboards-Track---A-8c590-ows-module-specific-metrics-chromium/video.webm]]

[[ATTACHMENT|../../../test-results/track-dashboards-Track---A-8c590-ows-module-specific-metrics-chromium/error-context.md]]
]]>
</system-out>
</testcase>
<testcase name="Track - Analytics Dashboards (FSD §4) › T04: Export button is visible (PDF export placeholder)" classname="track-dashboards.spec.ts" time="0.565">
<system-out>
<![CDATA[Export functionality found: false
]]>
</system-out>
<system-err>
<![CDATA[(node:38447) Warning: The 'NO_COLOR' env is ignored due to the 'FORCE_COLOR' env being set.
(Use `node --trace-warnings ...` to show where the warning was created)
]]>
</system-err>
</testcase>
<testcase name="Track - Analytics Dashboards (FSD §4) › Performance: Dashboard loads in under 2s" classname="track-dashboards.spec.ts" time="1.155">
<system-out>
<![CDATA[Dashboard load time: 771ms
]]>
</system-out>
</testcase>
</testsuite>
</testsuites>